#
# There is insufficient memory for the Java Runtime Environment to continue.
# Native memory allocation (mmap) failed to map 266338304 bytes for G1 virtual space
# Possible reasons:
#   The system is out of physical RAM or swap space
#   The process is running with CompressedOops enabled, and the Java Heap may be blocking the growth of the native heap
# Possible solutions:
#   Reduce memory load on the system
#   Increase physical memory or swap space
#   Check if swap backing store is full
#   Decrease Java heap size (-Xmx/-Xms)
#   Decrease number of Java threads
#   Decrease Java thread stack sizes (-Xss)
#   Set larger code cache with -XX:ReservedCodeCacheSize=
#   JVM is running with Zero Based Compressed Oops mode in which the Java heap is
#     placed in the first 32GB address space. The Java Heap base address is the
#     maximum limit for the native heap growth. Please use -XX:HeapBaseMinAddress
#     to set the Java Heap base and to place the Java Heap above 32GB virtual address.
# This output file may be truncated or incomplete.
#
#  Out of Memory Error (os_windows.cpp:3541), pid=29320, tid=27152
#
# JRE version:  (17.0.5+9) (build )
# Java VM: Java HotSpot(TM) 64-Bit Server VM (17.0.5+9-LTS-191, mixed mode, emulated-client, sharing, tiered, compressed oops, compressed class ptrs, g1 gc, windows-amd64)
# No core dump will be written. Minidumps are not enabled by default on client versions of Windows
#

---------------  S U M M A R Y ------------

Command Line: -XX:TieredStopAtLevel=1 -Dspring.output.ansi.enabled=always -Dcom.sun.management.jmxremote -Dspring.jmx.enabled=true -Dspring.liveBeansView.mbeanDomain -Dspring.application.admin.enabled=true -javaagent:D:\development\ideaI-ultimate\lib\idea_rt.jar=53921:D:\development\ideaI-ultimate\bin -Dfile.encoding=UTF-8 com.gsk.producer.UserDataProducerApplication

Host: Intel(R) Core(TM) i7-10750H CPU @ 2.60GHz, 12 cores, 15G,  Windows 11 , 64 bit Build 22621 (10.0.22621.963)
Time: Thu Dec 29 21:47:01 2022 Eastern Standard Time elapsed time: 0.021784 seconds (0d 0h 0m 0s)

---------------  T H R E A D  ---------------

Current thread (0x00000204963092b0):  JavaThread "Unknown thread" [_thread_in_vm, id=27152, stack(0x0000007f60000000,0x0000007f60100000)]

Stack: [0x0000007f60000000,0x0000007f60100000]
Native frames: (J=compiled Java code, j=interpreted, Vv=VM code, C=native code)
V  [jvm.dll+0x672eea]
V  [jvm.dll+0x7d2a04]
V  [jvm.dll+0x7d41ae]
V  [jvm.dll+0x7d4813]
V  [jvm.dll+0x242c15]
V  [jvm.dll+0x66fe09]
V  [jvm.dll+0x664682]
V  [jvm.dll+0x300e8b]
V  [jvm.dll+0x308426]
V  [jvm.dll+0x357ffe]
V  [jvm.dll+0x35822f]
V  [jvm.dll+0x2d80a8]
V  [jvm.dll+0x2d9014]
V  [jvm.dll+0x7a44e1]
V  [jvm.dll+0x365df1]
V  [jvm.dll+0x7838fc]
V  [jvm.dll+0x3e873f]
V  [jvm.dll+0x3ea1e1]
C  [jli.dll+0x527b]
C  [ucrtbase.dll+0x29363]
C  [KERNEL32.DLL+0x126bd]
C  [ntdll.dll+0x5dfb8]


---------------  P R O C E S S  ---------------

Threads class SMR info:
_java_thread_list=0x00007ffd2c83a8d8, length=0, elements={
}

Java Threads: ( => current thread )

Other Threads:
  0x000002049636f2c0 GCTaskThread "GC Thread#0" [stack: 0x0000007f60100000,0x0000007f60200000] [id=8444]
  0x0000020496380030 ConcurrentGCThread "G1 Main Marker" [stack: 0x0000007f60200000,0x0000007f60300000] [id=11308]
  0x00000204963821f0 ConcurrentGCThread "G1 Conc#0" [stack: 0x0000007f60300000,0x0000007f60400000] [id=17412]

[error occurred during error reporting (printing all threads), id 0xc0000005, EXCEPTION_ACCESS_VIOLATION (0xc0000005) at pc=0x00007ffd2c088a97]

VM state: not at safepoint (not fully initialized)

VM Mutex/Monitor currently owned by a thread:  ([mutex/lock_event])
[0x0000020496305d70] Heap_lock - owner thread: 0x00000204963092b0

Heap address: 0x0000000703200000, size: 4046 MB, Compressed Oops mode: Zero based, Oop shift amount: 3

CDS archive(s) mapped at: [0x0000000000000000-0x0000000000000000-0x0000000000000000), size 0, SharedBaseAddress: 0x0000000800000000, ArchiveRelocationMode: 0.
Narrow klass base: 0x0000000000000000, Narrow klass shift: 0, Narrow klass range: 0x0

GC Precious Log:
<Empty>

Heap:
 garbage-first heap   total 0K, used 0K [0x0000000703200000, 0x0000000800000000)
  region size 2048K, 0 young (0K), 0 survivors (0K)

[error occurred during error reporting (printing heap information), id 0xc0000005, EXCEPTION_ACCESS_VIOLATION (0xc0000005) at pc=0x00007ffd2c46c399]

GC Heap History (0 events):
No events

Deoptimization events (0 events):
No events

Classes unloaded (0 events):
No events

Classes redefined (0 events):
No events

Internal exceptions (0 events):
No events

VM Operations (0 events):
No events

Events (1 events):
Event: 0.016 Loaded shared library C:\Program Files\Java\jdk-17.0.5\bin\java.dll


Dynamic libraries:
0x00007ff6d17c0000 - 0x00007ff6d17d0000 	C:\Program Files\Java\jdk-17.0.5\bin\java.exe
0x00007ffdc0a90000 - 0x00007ffdc0ca4000 	C:\WINDOWS\SYSTEM32\ntdll.dll
0x00007ffdbf200000 - 0x00007ffdbf2c3000 	C:\WINDOWS\System32\KERNEL32.DLL
0x00007ffdbe020000 - 0x00007ffdbe3bd000 	C:\WINDOWS\System32\KERNELBASE.dll
0x00007ffdbe3c0000 - 0x00007ffdbe4d1000 	C:\WINDOWS\System32\ucrtbase.dll
0x00007ffdbb2c0000 - 0x00007ffdbb2d8000 	C:\Program Files\Java\jdk-17.0.5\bin\jli.dll
0x00007ffdbb480000 - 0x00007ffdbb49a000 	C:\Program Files\Java\jdk-17.0.5\bin\VCRUNTIME140.dll
0x00007ffdbfb50000 - 0x00007ffdbfbfe000 	C:\WINDOWS\System32\ADVAPI32.dll
0x00007ffdbf2d0000 - 0x00007ffdbf377000 	C:\WINDOWS\System32\msvcrt.dll
0x00007ffdbee50000 - 0x00007ffdbeef4000 	C:\WINDOWS\System32\sechost.dll
0x00007ffdbf000000 - 0x00007ffdbf115000 	C:\WINDOWS\System32\RPCRT4.dll
0x00007ffdbf380000 - 0x00007ffdbf52d000 	C:\WINDOWS\System32\USER32.dll
0x00007ffdbe600000 - 0x00007ffdbe626000 	C:\WINDOWS\System32\win32u.dll
0x00007ffd9ae20000 - 0x00007ffd9b0ae000 	C:\WINDOWS\WinSxS\amd64_microsoft.windows.common-controls_6595b64144ccf1df_6.0.22621.608_none_a9444ca7c10bb01d\COMCTL32.dll
0x00007ffdc04c0000 - 0x00007ffdc04e9000 	C:\WINDOWS\System32\GDI32.dll
0x00007ffdbe4e0000 - 0x00007ffdbe5f2000 	C:\WINDOWS\System32\gdi32full.dll
0x00007ffdbe7e0000 - 0x00007ffdbe87a000 	C:\WINDOWS\System32\msvcp_win.dll
0x00007ffdb0e60000 - 0x00007ffdb0e6a000 	C:\WINDOWS\SYSTEM32\VERSION.dll
0x00007ffdbe880000 - 0x00007ffdbe8b2000 	C:\WINDOWS\System32\IMM32.DLL
0x00007ffdbb4e0000 - 0x00007ffdbb4ec000 	C:\Program Files\Java\jdk-17.0.5\bin\vcruntime140_1.dll
0x00007ffdba720000 - 0x00007ffdba7ad000 	C:\Program Files\Java\jdk-17.0.5\bin\msvcp140.dll
0x00007ffd2bda0000 - 0x00007ffd2c962000 	C:\Program Files\Java\jdk-17.0.5\bin\server\jvm.dll
0x00007ffdbf190000 - 0x00007ffdbf198000 	C:\WINDOWS\System32\PSAPI.DLL
0x00007ffdb7740000 - 0x00007ffdb7774000 	C:\WINDOWS\SYSTEM32\WINMM.dll
0x00007ffdb0460000 - 0x00007ffdb0469000 	C:\WINDOWS\SYSTEM32\WSOCK32.dll
0x00007ffdbf9b0000 - 0x00007ffdbfa21000 	C:\WINDOWS\System32\WS2_32.dll
0x00007ffdbcfc0000 - 0x00007ffdbcfd8000 	C:\WINDOWS\SYSTEM32\kernel.appcore.dll
0x00007ffdbb470000 - 0x00007ffdbb47a000 	C:\Program Files\Java\jdk-17.0.5\bin\jimage.dll
0x00007ffdb7ed0000 - 0x00007ffdb80fe000 	C:\WINDOWS\SYSTEM32\DBGHELP.DLL
0x00007ffdbf600000 - 0x00007ffdbf98a000 	C:\WINDOWS\System32\combase.dll
0x00007ffdc0970000 - 0x00007ffdc0a47000 	C:\WINDOWS\System32\OLEAUT32.dll
0x00007ffdb76f0000 - 0x00007ffdb7722000 	C:\WINDOWS\SYSTEM32\dbgcore.DLL
0x00007ffdbe630000 - 0x00007ffdbe6ab000 	C:\WINDOWS\System32\bcryptPrimitives.dll
0x00007ffdbb2f0000 - 0x00007ffdbb2fe000 	C:\Program Files\Java\jdk-17.0.5\bin\instrument.dll
0x00007ffdbae10000 - 0x00007ffdbae35000 	C:\Program Files\Java\jdk-17.0.5\bin\java.dll

dbghelp: loaded successfully - version: 4.0.5 - missing functions: none
symbol engine: initialized successfully - sym options: 0x614 - pdb path: .;C:\Program Files\Java\jdk-17.0.5\bin;C:\WINDOWS\SYSTEM32;C:\WINDOWS\WinSxS\amd64_microsoft.windows.common-controls_6595b64144ccf1df_6.0.22621.608_none_a9444ca7c10bb01d;C:\Program Files\Java\jdk-17.0.5\bin\server

VM Arguments:
jvm_args: -XX:TieredStopAtLevel=1 -Dspring.output.ansi.enabled=always -Dcom.sun.management.jmxremote -Dspring.jmx.enabled=true -Dspring.liveBeansView.mbeanDomain -Dspring.application.admin.enabled=true -javaagent:D:\development\ideaI-ultimate\lib\idea_rt.jar=53921:D:\development\ideaI-ultimate\bin -Dfile.encoding=UTF-8 
java_command: com.gsk.producer.UserDataProducerApplication
java_class_path (initial): D:\WorkSpace\JAVA-CODING\Workspace\user-data-analyzer\user-data-producer\target\classes;D:\WorkSpace\JAVA-CODING\Workspace\user-data-analyzer\user-commons\target\classes;C:\Users\DIVYA-HARISH\.m2\repository\org\springframework\boot\spring-boot-starter-data-jpa\3.0.1\spring-boot-starter-data-jpa-3.0.1.jar;C:\Users\DIVYA-HARISH\.m2\repository\org\springframework\boot\spring-boot-starter-aop\3.0.1\spring-boot-starter-aop-3.0.1.jar;C:\Users\DIVYA-HARISH\.m2\repository\org\springframework\spring-aop\6.0.3\spring-aop-6.0.3.jar;C:\Users\DIVYA-HARISH\.m2\repository\org\aspectj\aspectjweaver\1.9.19\aspectjweaver-1.9.19.jar;C:\Users\DIVYA-HARISH\.m2\repository\org\springframework\boot\spring-boot-starter-jdbc\3.0.1\spring-boot-starter-jdbc-3.0.1.jar;C:\Users\DIVYA-HARISH\.m2\repository\com\zaxxer\HikariCP\5.0.1\HikariCP-5.0.1.jar;C:\Users\DIVYA-HARISH\.m2\repository\org\springframework\spring-jdbc\6.0.3\spring-jdbc-6.0.3.jar;C:\Users\DIVYA-HARISH\.m2\repository\org\hibernate\orm\hibernate-core\6.1.6.Final\hibernate-core-6.1.6.Final.jar;C:\Users\DIVYA-HARISH\.m2\repository\jakarta\persistence\jakarta.persistence-api\3.1.0\jakarta.persistence-api-3.1.0.jar;C:\Users\DIVYA-HARISH\.m2\repository\jakarta\transaction\jakarta.transaction-api\2.0.1\jakarta.transaction-api-2.0.1.jar;C:\Users\DIVYA-HARISH\.m2\repository\org\jboss\logging\jboss-logging\3.5.0.Final\jboss-logging-3.5.0.Final.jar;C:\Users\DIVYA-HARISH\.m2\repository\org\hibernate\common\hibernate-commons-annotations\6.0.2.Final\hibernate-commons-annotations-6.0.2.Final.jar;C:\Users\DIVYA-HARISH\.m2\repository\org\jboss\jandex\2.4.2.Final\jandex-2.4.2.Final.jar;C:\Users\DIVYA-HARISH\.m2\repository\com\fasterxml\classmate\1.5.1\classmate-1.5.1.jar;C:\Users\DIVYA-HARISH\.m2\repository\net\bytebuddy\byte-buddy\1.12.20\byte-buddy-1.12.20.jar;C:\Users\DIVYA-HARISH\.m2\repository\org\glassfish\jaxb\jaxb-runtime\4.0.1\jaxb-runtime-4.0.1.jar;C:\Users\DIVYA-HARISH\.m2\repository\org\glassfish\jaxb\jaxb-co
Launcher Type: SUN_STANDARD

[Global flags]
     intx CICompilerCount                          = 4                                         {product} {ergonomic}
     uint ConcGCThreads                            = 3                                         {product} {ergonomic}
     uint G1ConcRefinementThreads                  = 10                                        {product} {ergonomic}
   size_t G1HeapRegionSize                         = 2097152                                   {product} {ergonomic}
    uintx GCDrainStackTargetSize                   = 64                                        {product} {ergonomic}
   size_t InitialHeapSize                          = 266338304                                 {product} {ergonomic}
     bool ManagementServer                         = true                                      {product} {command line}
   size_t MarkStackSize                            = 4194304                                   {product} {ergonomic}
   size_t MaxHeapSize                              = 4242538496                                {product} {ergonomic}
   size_t MinHeapDeltaBytes                        = 2097152                                   {product} {ergonomic}
   size_t MinHeapSize                              = 8388608                                   {product} {ergonomic}
    uintx NonProfiledCodeHeapSize                  = 0                                      {pd product} {ergonomic}
     bool ProfileInterpreter                       = false                                  {pd product} {command line}
    uintx ProfiledCodeHeapSize                     = 0                                      {pd product} {ergonomic}
   size_t SoftMaxHeapSize                          = 4242538496                             {manageable} {ergonomic}
     intx TieredStopAtLevel                        = 1                                         {product} {command line}
     bool UseCompressedClassPointers               = true                           {product lp64_product} {ergonomic}
     bool UseCompressedOops                        = true                           {product lp64_product} {ergonomic}
     bool UseG1GC                                  = true                                      {product} {ergonomic}
     bool UseLargePagesIndividualAllocation        = false                                  {pd product} {ergonomic}

Logging:
Log output configuration:
 #0: stdout all=warning uptime,level,tags
 #1: stderr all=off uptime,level,tags

Environment Variables:
PATH=C:\Python310\Scripts\;C:\Python310\;C:\Program Files\Python39\Scripts\;C:\Program Files\Python39\;C:\Program Files\Common Files\Oracle\Java\javapath;C:\Windows\system32;C:\Windows;C:\Windows\System32\Wbem;C:\Windows\System32\WindowsPowerShell\v1.0\;C:\Windows\System32\OpenSSH\;C:\Program Files (x86)\NVIDIA Corporation\PhysX\Common;C:\Program Files\NVIDIA Corporation\NVIDIA NvDLISR;C:\Users\DIVYA-HARISH\AppData\Local\Programs\Python\Python38-32\Scripts;C:\kubectl;D:\Program Files\Kubernetes\Minikube;C:\ProgramData\chocolatey\bin;C:\WINDOWS\system32;C:\WINDOWS;C:\WINDOWS\System32\Wbem;C:\WINDOWS\System32\WindowsPowerShell\v1.0\;C:\WINDOWS\System32\OpenSSH\;D:\Users\DIVYA-HARISH\AppData\Local\Google\Cloud SDK\kubectl.exe;C:\Program Files\Amazon\AWSCLIV2\;C:\Program Files\Docker\Docker\resources\bin;D:\Program Files\Git\cmd;C:\Program Files\dotnet\;C:\Users\DIVYA-HARISH\AppData\Local\Microsoft\WindowsApps;C:\Program Files\JetBrains\PyCharm Community Edition 2020.2\bin;;D:\Program Files\JetBrains\IntelliJ IDEA Community Edition 2022.2.3\bin;;D:\Program Files\Git\bin;;D:\Users\DIVYA-HARISH\AppData\Local\Programs\Microsoft VS Code\bin
USERNAME=DIVYA-HARISH
OS=Windows_NT
PROCESSOR_IDENTIFIER=Intel64 Family 6 Model 165 Stepping 2, GenuineIntel



---------------  S Y S T E M  ---------------

OS:
 Windows 11 , 64 bit Build 22621 (10.0.22621.963)
OS uptime: 4 days 8:34 hours
Hyper-V role detected

CPU: total 12 (initial active 12) (6 cores per cpu, 2 threads per core) family 6 model 165 stepping 2 microcode 0xf0, cx8, cmov, fxsr, ht, mmx, 3dnowpref, sse, sse2, sse3, ssse3, sse4.1, sse4.2, popcnt, lzcnt, tsc, tscinvbit, avx, avx2, aes, erms, clmul, bmi1, bmi2, adx, fma, vzeroupper, clflush, clflushopt, hv

Memory: 4k page, system-wide physical 16177M (628M free)
TotalPageFile size 44079M (AvailPageFile size 87M)
current process WorkingSet (physical memory assigned to process): 11M, peak: 11M
current process commit charge ("private bytes"): 59M, peak: 313M

vm_info: Java HotSpot(TM) 64-Bit Server VM (17.0.5+9-LTS-191) for windows-amd64 JRE (17.0.5+9-LTS-191), built on Sep 13 2022 17:31:43 by "mach5one" with MS VC++ 16.8 / 16.9 (VS2019)

END.
